<?xml version="1.0"?>
<testsuite name="Firefox 87.0 (Mac OS 10.15)" package="anosrv-suite" timestamp="2021-05-27T09:41:51" id="0" hostname="Timurs-MacBook-Pro.fritz.box" tests="95" errors="0" failures="0" time="0.807">
  <properties>
    <property name="browser.fullName" value="Mozilla/5.0 (Macintosh; Intel Mac OS X 10.15; rv:87.0) Gecko/20100101 Firefox/87.0"/>
  </properties>
  <testcase name="SidebarComponent should create" time="0.07" classname="Firefox_87_0_(Mac_OS_10_15)..SidebarComponent"/>
  <testcase name="UrlaubGuthabenBestaetigungComponent should create" time="0" classname="Firefox_87_0_(Mac_OS_10_15)..UrlaubGuthabenBestaetigungComponent">
    <skipped/>
  </testcase>
  <testcase name="UrlaubDetailComponent should create" time="0" classname="Firefox_87_0_(Mac_OS_10_15)..UrlaubDetailComponent">
    <skipped/>
  </testcase>
  <testcase name="UrlaubGuthabenEndeComponent should create" time="0" classname="Firefox_87_0_(Mac_OS_10_15)..UrlaubGuthabenEndeComponent">
    <skipped/>
  </testcase>
  <testcase name="CarouselComponent should create" time="0.013" classname="Firefox_87_0_(Mac_OS_10_15)..CarouselComponent"/>
  <testcase name="UrlaubGuthabenComponent should create" time="0" classname="Firefox_87_0_(Mac_OS_10_15)..UrlaubGuthabenComponent">
    <skipped/>
  </testcase>
  <testcase name="AppComponent should create the app" time="0.087" classname="Firefox_87_0_(Mac_OS_10_15)..AppComponent"/>
  <testcase name="HilfeFaqBoxComponent should toggle expanded state when header is clicked" time="0.024" classname="Firefox_87_0_(Mac_OS_10_15)..HilfeFaqBoxComponent"/>
  <testcase name="HilfeFaqBoxComponent should construct propper header" time="0.01" classname="Firefox_87_0_(Mac_OS_10_15)..HilfeFaqBoxComponent"/>
  <testcase name="HilfeFaqBoxComponent should switch chevron when expanded" time="0.007" classname="Firefox_87_0_(Mac_OS_10_15)..HilfeFaqBoxComponent"/>
  <testcase name="HilfeFaqBoxComponent should remove class hidden when expanded" time="0.006" classname="Firefox_87_0_(Mac_OS_10_15)..HilfeFaqBoxComponent"/>
  <testcase name="HilfeFaqBoxComponent should create" time="0.005" classname="Firefox_87_0_(Mac_OS_10_15)..HilfeFaqBoxComponent"/>
  <testcase name="HilfeFaqBoxComponent should toggle expanded when toggled" time="0.007" classname="Firefox_87_0_(Mac_OS_10_15)..HilfeFaqBoxComponent"/>
  <testcase name="HilfeAllgemeinComponent should create" time="0.027" classname="Firefox_87_0_(Mac_OS_10_15)..HilfeAllgemeinComponent"/>
  <testcase name="HilfeAllgemeinComponent should return arbeitnehmerNr if given" time="0.009" classname="Firefox_87_0_(Mac_OS_10_15)..HilfeAllgemeinComponent"/>
  <testcase name="HilfeAllgemeinComponent should return 1234567891011 as arbeitnehmerNr if given" time="0.009" classname="Firefox_87_0_(Mac_OS_10_15)..HilfeAllgemeinComponent"/>
  <testcase name="LoginService should get token from sucessful login" time="0.003" classname="Firefox_87_0_(Mac_OS_10_15)..LoginService"/>
  <testcase name="LoginService should logout and navigate to login when receiving an error response 401" time="0.004" classname="Firefox_87_0_(Mac_OS_10_15)..LoginService"/>
  <testcase name="LoginService should fire a updateTokenTrigger 5 minutes after last update" time="0.003" classname="Firefox_87_0_(Mac_OS_10_15)..LoginService"/>
  <testcase name="LoginService should extract and refresh token from responses with headers in lowercase" time="0.005" classname="Firefox_87_0_(Mac_OS_10_15)..LoginService"/>
  <testcase name="LoginService should not replace/replace token from responses with no auth headers" time="0.005" classname="Firefox_87_0_(Mac_OS_10_15)..LoginService"/>
  <testcase name="LoginService should extract and refresh token from responses with headers in Upper-Kebab-Case" time="0.002" classname="Firefox_87_0_(Mac_OS_10_15)..LoginService"/>
  <testcase name="LoginService should construct correct body for login request" time="0.002" classname="Firefox_87_0_(Mac_OS_10_15)..LoginService"/>
  <testcase name="LoginService should be created" time="0.003" classname="Firefox_87_0_(Mac_OS_10_15)..LoginService"/>
  <testcase name="ToolbarComponent should create" time="0.014" classname="Firefox_87_0_(Mac_OS_10_15)..ToolbarComponent"/>
  <testcase name="UrlaubGuthabenAuszahlungComponent should create" time="0" classname="Firefox_87_0_(Mac_OS_10_15)..UrlaubGuthabenAuszahlungComponent">
    <skipped/>
  </testcase>
  <testcase name="StartComponent should create" time="0" classname="Firefox_87_0_(Mac_OS_10_15)..StartComponent">
    <skipped/>
  </testcase>
  <testcase name="FooterComponent should create" time="0.011" classname="Firefox_87_0_(Mac_OS_10_15)..FooterComponent"/>
  <testcase name="TileComponent should create" time="0.02" classname="Firefox_87_0_(Mac_OS_10_15)..TileComponent"/>
  <testcase name="HilfeThemenwahlComponent should create" time="0.019" classname="Firefox_87_0_(Mac_OS_10_15)..HilfeThemenwahlComponent"/>
  <testcase name="HilfeThemenwahlComponent should load correct icons and translations for section headers" time="0.007" classname="Firefox_87_0_(Mac_OS_10_15)..HilfeThemenwahlComponent"/>
  <testcase name="HeroImageComponent should create" time="0.016" classname="Firefox_87_0_(Mac_OS_10_15)..HeroImageComponent"/>
  <testcase name="HilfeComponent should remove the urlaub element and add the faq-dropdown element when urlaub is clicked" time="0.031" classname="Firefox_87_0_(Mac_OS_10_15)..HilfeComponent"/>
  <testcase name="HilfeComponent should add class.hidden, select urlaub  and navigate to /hilfe/urlaub when urlaub is clicked" time="0.016" classname="Firefox_87_0_(Mac_OS_10_15)..HilfeComponent"/>
  <testcase name="HilfeComponent should add class.hidden and closes when dropdown is clicked while open" time="0.009" classname="Firefox_87_0_(Mac_OS_10_15)..HilfeComponent"/>
  <testcase name="HilfeComponent should remove class.hidden when dropdown is clicked" time="0.007" classname="Firefox_87_0_(Mac_OS_10_15)..HilfeComponent"/>
  <testcase name="HilfeComponent should create" time="0.006" classname="Firefox_87_0_(Mac_OS_10_15)..HilfeComponent"/>
  <testcase name="SideNavContainerComponent should close sidebars when user triggers a route change" time="0.035" classname="Firefox_87_0_(Mac_OS_10_15)..SideNavContainerComponent"/>
  <testcase name="SideNavContainerComponent should toggle profile navigation (top) sidebar" time="0.012" classname="Firefox_87_0_(Mac_OS_10_15)..SideNavContainerComponent"/>
  <testcase name="SideNavContainerComponent should toggle main navigation (left) sidebar" time="0.015" classname="Firefox_87_0_(Mac_OS_10_15)..SideNavContainerComponent"/>
  <testcase name="SideNavContainerComponent should create" time="0.011" classname="Firefox_87_0_(Mac_OS_10_15)..SideNavContainerComponent"/>
  <testcase name="SideNavContainerComponent should only display one sidebar menu" time="0.009" classname="Firefox_87_0_(Mac_OS_10_15)..SideNavContainerComponent"/>
  <testcase name="ProfileComponent should create" time="0.009" classname="Firefox_87_0_(Mac_OS_10_15)..ProfileComponent"/>
  <testcase name="HilfeUrlaubComponent should create" time="0.019" classname="Firefox_87_0_(Mac_OS_10_15)..HilfeUrlaubComponent"/>
  <testcase name="HilfeUrlaubComponent should return the current year as jahrAkutell" time="0.007" classname="Firefox_87_0_(Mac_OS_10_15)..HilfeUrlaubComponent"/>
  <testcase name="HilfeUrlaubComponent should return q7Points as array" time="0.008" classname="Firefox_87_0_(Mac_OS_10_15)..HilfeUrlaubComponent"/>
  <testcase name="HilfeUrlaubComponent should return the current year minus 3 years as jahrAnspruch" time="0.006" classname="Firefox_87_0_(Mac_OS_10_15)..HilfeUrlaubComponent"/>
  <testcase name="WindowService should be created" time="0.004" classname="Firefox_87_0_(Mac_OS_10_15)..WindowService"/>
  <testcase name="NavigationService loads config for &quot;/urlaub&quot;" time="0.01" classname="Firefox_87_0_(Mac_OS_10_15)..NavigationService"/>
  <testcase name="NavigationService loads inherited values for &quot;/urlaub/guthaben/auszahlung" time="0.007" classname="Firefox_87_0_(Mac_OS_10_15)..NavigationService"/>
  <testcase name="NavigationService loads base config" time="0.003" classname="Firefox_87_0_(Mac_OS_10_15)..NavigationService"/>
  <testcase name="NavigationService should be created" time="0.003" classname="Firefox_87_0_(Mac_OS_10_15)..NavigationService"/>
  <testcase name="UrlaubComponent should create" time="0" classname="Firefox_87_0_(Mac_OS_10_15)..UrlaubComponent">
    <skipped/>
  </testcase>
  <testcase name="EventBusService should be created" time="0.002" classname="Firefox_87_0_(Mac_OS_10_15)..EventBusService"/>
  <testcase name="ButtonComponent setting buttonDisable to TRUE disables the button" time="0.009" classname="Firefox_87_0_(Mac_OS_10_15)..ButtonComponent"/>
  <testcase name="ButtonComponent should contain a link with target, when href and hrefTarget are given" time="0.008" classname="Firefox_87_0_(Mac_OS_10_15)..ButtonComponent"/>
  <testcase name="ButtonComponent should contain a link when a HREF is given" time="0.008" classname="Firefox_87_0_(Mac_OS_10_15)..ButtonComponent"/>
  <testcase name="ButtonComponent should have buttonId as the buttons ID" time="0.009" classname="Firefox_87_0_(Mac_OS_10_15)..ButtonComponent"/>
  <testcase name="ButtonComponent should not contain a link when no HREF is given" time="0.006" classname="Firefox_87_0_(Mac_OS_10_15)..ButtonComponent"/>
  <testcase name="ButtonComponent should place an Icon in front of the TEXT if iconName is given" time="0.005" classname="Firefox_87_0_(Mac_OS_10_15)..ButtonComponent"/>
  <testcase name="ButtonComponent should add the class smallText if smallText is TRUE" time="0.003" classname="Firefox_87_0_(Mac_OS_10_15)..ButtonComponent"/>
  <testcase name="ButtonComponent should put the icon after the TEXT if iconName is given and buttonPosition is &quot;right&quot;" time="0.004" classname="Firefox_87_0_(Mac_OS_10_15)..ButtonComponent"/>
  <testcase name="ButtonComponent should create" time="0.008" classname="Firefox_87_0_(Mac_OS_10_15)..ButtonComponent"/>
  <testcase name="UserComponent should create" time="0" classname="Firefox_87_0_(Mac_OS_10_15)..UserComponent">
    <skipped/>
  </testcase>
  <testcase name="HeaderComponent should create" time="0.008" classname="Firefox_87_0_(Mac_OS_10_15)..HeaderComponent"/>
  <testcase name="HeaderComponent should handle navigate home event" time="0.009" classname="Firefox_87_0_(Mac_OS_10_15)..HeaderComponent"/>
  <testcase name="LoginComponent should create" time="0" classname="Firefox_87_0_(Mac_OS_10_15)..LoginComponent">
    <skipped/>
  </testcase>
  <testcase name="ToolbarUserComponent should create" time="0" classname="Firefox_87_0_(Mac_OS_10_15)..ToolbarUserComponent">
    <skipped/>
  </testcase>
  <testcase name="SliderComponent should create" time="0.019" classname="Firefox_87_0_(Mac_OS_10_15)..SliderComponent"/>
  <testcase name="InfoIComponent should load info icon via IconSerice" time="0.009" classname="Firefox_87_0_(Mac_OS_10_15)..InfoIComponent"/>
  <testcase name="InfoIComponent should open modal with name when component is clicked" time="0.005" classname="Firefox_87_0_(Mac_OS_10_15)..InfoIComponent"/>
  <testcase name="InfoIComponent should open modal with name when overlay is clicked" time="0.004" classname="Firefox_87_0_(Mac_OS_10_15)..InfoIComponent"/>
  <testcase name="InfoIComponent should create" time="0.004" classname="Firefox_87_0_(Mac_OS_10_15)..InfoIComponent"/>
  <testcase name="TileComponent should create" time="0.008" classname="Firefox_87_0_(Mac_OS_10_15)..TileComponent"/>
  <testcase name="ProgessbarComponent should create" time="0.008" classname="Firefox_87_0_(Mac_OS_10_15)..ProgessbarComponent"/>
  <testcase name="AnosHttpClient should pass down PUT and call extractToken" time="0.005" classname="Firefox_87_0_(Mac_OS_10_15)..AnosHttpClient"/>
  <testcase name="AnosHttpClient should create a Header without Authorization when no not logged in" time="0.003" classname="Firefox_87_0_(Mac_OS_10_15)..AnosHttpClient"/>
  <testcase name="AnosHttpClient should refresh token when updateTokenTrigger is fired" time="0.003" classname="Firefox_87_0_(Mac_OS_10_15)..AnosHttpClient"/>
  <testcase name="AnosHttpClient should pass down DELETE and call extractToken" time="0.002" classname="Firefox_87_0_(Mac_OS_10_15)..AnosHttpClient"/>
  <testcase name="AnosHttpClient should be created" time="0.001" classname="Firefox_87_0_(Mac_OS_10_15)..AnosHttpClient"/>
  <testcase name="AnosHttpClient should enrich the header of a GET with Authorization when logged in" time="0.002" classname="Firefox_87_0_(Mac_OS_10_15)..AnosHttpClient"/>
  <testcase name="AnosHttpClient should pass down GET and call extractToken" time="0.003" classname="Firefox_87_0_(Mac_OS_10_15)..AnosHttpClient"/>
  <testcase name="AnosHttpClient should enrich the header of a POST with Authorization when logged in" time="0.002" classname="Firefox_87_0_(Mac_OS_10_15)..AnosHttpClient"/>
  <testcase name="AnosHttpClient should pass down POST and call extractToken" time="0.002" classname="Firefox_87_0_(Mac_OS_10_15)..AnosHttpClient"/>
  <testcase name="AnosHttpClient should create a Header with Authorization when none given when logged in" time="0.002" classname="Firefox_87_0_(Mac_OS_10_15)..AnosHttpClient"/>
  <testcase name="AnosHttpClient should not enrich a Header with Authorization when no not logged in" time="0.003" classname="Firefox_87_0_(Mac_OS_10_15)..AnosHttpClient"/>
  <testcase name="AnosHttpClient should enrich the header of a PUT with Authorization when logged in" time="0.002" classname="Firefox_87_0_(Mac_OS_10_15)..AnosHttpClient"/>
  <testcase name="AnosHttpClient should enrich the header of a DELETE with Authorization when logged in" time="0.004" classname="Firefox_87_0_(Mac_OS_10_15)..AnosHttpClient"/>
  <testcase name="ModalComponent should create" time="0.01" classname="Firefox_87_0_(Mac_OS_10_15)..ModalComponent"/>
  <testcase name="EventbusDirectorDirective should create an instance" time="0" classname="Firefox_87_0_(Mac_OS_10_15)..EventbusDirectorDirective"/>
  <testcase name="AppGuard should create the AppGuard" time="0.002" classname="Firefox_87_0_(Mac_OS_10_15)..AppGuard"/>
  <testcase name="AppGuard should canActivate when logged in" time="0.003" classname="Firefox_87_0_(Mac_OS_10_15)..AppGuard"/>
  <testcase name="AppGuard should return the value of a Components canDeactivate function as canDeactivate" time="0.002" classname="Firefox_87_0_(Mac_OS_10_15)..AppGuard"/>
  <testcase name="AppGuard should not canActivate when not logged in and navigate to /login" time="0.001" classname="Firefox_87_0_(Mac_OS_10_15)..AppGuard"/>
  <testcase name="AppGuard should return TRUE for canDeativate if the current Component does not have a canDeactivate" time="0.004" classname="Firefox_87_0_(Mac_OS_10_15)..AppGuard"/>
  <system-out>
    <![CDATA[Firefox 87.0 (Mac OS 10.15) ERROR: ''anosrv-hilfe-faq-box' is not a known element:
1. If 'anosrv-hilfe-faq-box' is an Angular component, then verify that it is part of this module.
2. If 'anosrv-hilfe-faq-box' is a Web Component then add 'CUSTOM_ELEMENTS_SCHEMA' to the '@NgModule.schemas' of this component to suppress this message.'
,Firefox 87.0 (Mac OS 10.15) ERROR: ''anosrv-hilfe-faq-box' is not a known element:
1. If 'anosrv-hilfe-faq-box' is an Angular component, then verify that it is part of this module.
2. If 'anosrv-hilfe-faq-box' is a Web Component then add 'CUSTOM_ELEMENTS_SCHEMA' to the '@NgModule.schemas' of this component to suppress this message.'
,Firefox 87.0 (Mac OS 10.15) ERROR: ''anosrv-hilfe-faq-box' is not a known element:
1. If 'anosrv-hilfe-faq-box' is an Angular component, then verify that it is part of this module.
2. If 'anosrv-hilfe-faq-box' is a Web Component then add 'CUSTOM_ELEMENTS_SCHEMA' to the '@NgModule.schemas' of this component to suppress this message.'
,Firefox 87.0 (Mac OS 10.15) ERROR: ''anosrv-hilfe-faq-box' is not a known element:
1. If 'anosrv-hilfe-faq-box' is an Angular component, then verify that it is part of this module.
2. If 'anosrv-hilfe-faq-box' is a Web Component then add 'CUSTOM_ELEMENTS_SCHEMA' to the '@NgModule.schemas' of this component to suppress this message.'
,Firefox 87.0 (Mac OS 10.15) ERROR: ''anosrv-hilfe-faq-box' is not a known element:
1. If 'anosrv-hilfe-faq-box' is an Angular component, then verify that it is part of this module.
2. If 'anosrv-hilfe-faq-box' is a Web Component then add 'CUSTOM_ELEMENTS_SCHEMA' to the '@NgModule.schemas' of this component to suppress this message.'
,Firefox 87.0 (Mac OS 10.15) ERROR: ''anosrv-hilfe-faq-box' is not a known element:
1. If 'anosrv-hilfe-faq-box' is an Angular component, then verify that it is part of this module.
2. If 'anosrv-hilfe-faq-box' is a Web Component then add 'CUSTOM_ELEMENTS_SCHEMA' to the '@NgModule.schemas' of this component to suppress this message.'
,Firefox 87.0 (Mac OS 10.15) ERROR: ''anosrv-hilfe-faq-box' is not a known element:
1. If 'anosrv-hilfe-faq-box' is an Angular component, then verify that it is part of this module.
2. If 'anosrv-hilfe-faq-box' is a Web Component then add 'CUSTOM_ELEMENTS_SCHEMA' to the '@NgModule.schemas' of this component to suppress this message.'
,Firefox 87.0 (Mac OS 10.15) ERROR: ''anosrv-hilfe-faq-box' is not a known element:
1. If 'anosrv-hilfe-faq-box' is an Angular component, then verify that it is part of this module.
2. If 'anosrv-hilfe-faq-box' is a Web Component then add 'CUSTOM_ELEMENTS_SCHEMA' to the '@NgModule.schemas' of this component to suppress this message.'
,Firefox 87.0 (Mac OS 10.15) ERROR: ''anosrv-hilfe-faq-box' is not a known element:
1. If 'anosrv-hilfe-faq-box' is an Angular component, then verify that it is part of this module.
2. If 'anosrv-hilfe-faq-box' is a Web Component then add 'CUSTOM_ELEMENTS_SCHEMA' to the '@NgModule.schemas' of this component to suppress this message.'
,Firefox 87.0 (Mac OS 10.15) ERROR: ''anosrv-hilfe-faq-box' is not a known element:
1. If 'anosrv-hilfe-faq-box' is an Angular component, then verify that it is part of this module.
2. If 'anosrv-hilfe-faq-box' is a Web Component then add 'CUSTOM_ELEMENTS_SCHEMA' to the '@NgModule.schemas' of this component to suppress this message.'
,Firefox 87.0 (Mac OS 10.15) ERROR: ''anosrv-hilfe-faq-box' is not a known element:
1. If 'anosrv-hilfe-faq-box' is an Angular component, then verify that it is part of this module.
2. If 'anosrv-hilfe-faq-box' is a Web Component then add 'CUSTOM_ELEMENTS_SCHEMA' to the '@NgModule.schemas' of this component to suppress this message.'
,Firefox 87.0 (Mac OS 10.15) ERROR: ''anosrv-hilfe-faq-box' is not a known element:
1. If 'anosrv-hilfe-faq-box' is an Angular component, then verify that it is part of this module.
2. If 'anosrv-hilfe-faq-box' is a Web Component then add 'CUSTOM_ELEMENTS_SCHEMA' to the '@NgModule.schemas' of this component to suppress this message.'
,Firefox 87.0 (Mac OS 10.15) ERROR: ''anosrv-hilfe-faq-box' is not a known element:
1. If 'anosrv-hilfe-faq-box' is an Angular component, then verify that it is part of this module.
2. If 'anosrv-hilfe-faq-box' is a Web Component then add 'CUSTOM_ELEMENTS_SCHEMA' to the '@NgModule.schemas' of this component to suppress this message.'
,Firefox 87.0 (Mac OS 10.15) ERROR: ''anosrv-hilfe-faq-box' is not a known element:
1. If 'anosrv-hilfe-faq-box' is an Angular component, then verify that it is part of this module.
2. If 'anosrv-hilfe-faq-box' is a Web Component then add 'CUSTOM_ELEMENTS_SCHEMA' to the '@NgModule.schemas' of this component to suppress this message.'
,Firefox 87.0 (Mac OS 10.15) ERROR: ''anosrv-hilfe-faq-box' is not a known element:
1. If 'anosrv-hilfe-faq-box' is an Angular component, then verify that it is part of this module.
2. If 'anosrv-hilfe-faq-box' is a Web Component then add 'CUSTOM_ELEMENTS_SCHEMA' to the '@NgModule.schemas' of this component to suppress this message.'
,Firefox 87.0 (Mac OS 10.15) ERROR: ''anosrv-hilfe-faq-box' is not a known element:
1. If 'anosrv-hilfe-faq-box' is an Angular component, then verify that it is part of this module.
2. If 'anosrv-hilfe-faq-box' is a Web Component then add 'CUSTOM_ELEMENTS_SCHEMA' to the '@NgModule.schemas' of this component to suppress this message.'
,Firefox 87.0 (Mac OS 10.15) ERROR: ''anosrv-hilfe-faq-box' is not a known element:
1. If 'anosrv-hilfe-faq-box' is an Angular component, then verify that it is part of this module.
2. If 'anosrv-hilfe-faq-box' is a Web Component then add 'CUSTOM_ELEMENTS_SCHEMA' to the '@NgModule.schemas' of this component to suppress this message.'
,Firefox 87.0 (Mac OS 10.15) ERROR: ''anosrv-hilfe-faq-box' is not a known element:
1. If 'anosrv-hilfe-faq-box' is an Angular component, then verify that it is part of this module.
2. If 'anosrv-hilfe-faq-box' is a Web Component then add 'CUSTOM_ELEMENTS_SCHEMA' to the '@NgModule.schemas' of this component to suppress this message.'
,Firefox 87.0 (Mac OS 10.15) ERROR: ''anosrv-hilfe-faq-box' is not a known element:
1. If 'anosrv-hilfe-faq-box' is an Angular component, then verify that it is part of this module.
2. If 'anosrv-hilfe-faq-box' is a Web Component then add 'CUSTOM_ELEMENTS_SCHEMA' to the '@NgModule.schemas' of this component to suppress this message.'
,Firefox 87.0 (Mac OS 10.15) ERROR: ''anosrv-hilfe-faq-box' is not a known element:
1. If 'anosrv-hilfe-faq-box' is an Angular component, then verify that it is part of this module.
2. If 'anosrv-hilfe-faq-box' is a Web Component then add 'CUSTOM_ELEMENTS_SCHEMA' to the '@NgModule.schemas' of this component to suppress this message.'
,Firefox 87.0 (Mac OS 10.15) ERROR: ''anosrv-hilfe-faq-box' is not a known element:
1. If 'anosrv-hilfe-faq-box' is an Angular component, then verify that it is part of this module.
2. If 'anosrv-hilfe-faq-box' is a Web Component then add 'CUSTOM_ELEMENTS_SCHEMA' to the '@NgModule.schemas' of this component to suppress this message.'
,Firefox 87.0 (Mac OS 10.15) ERROR: ''anosrv-hilfe-faq-box' is not a known element:
1. If 'anosrv-hilfe-faq-box' is an Angular component, then verify that it is part of this module.
2. If 'anosrv-hilfe-faq-box' is a Web Component then add 'CUSTOM_ELEMENTS_SCHEMA' to the '@NgModule.schemas' of this component to suppress this message.'
,Firefox 87.0 (Mac OS 10.15) ERROR: ''anosrv-hilfe-faq-box' is not a known element:
1. If 'anosrv-hilfe-faq-box' is an Angular component, then verify that it is part of this module.
2. If 'anosrv-hilfe-faq-box' is a Web Component then add 'CUSTOM_ELEMENTS_SCHEMA' to the '@NgModule.schemas' of this component to suppress this message.'
,Firefox 87.0 (Mac OS 10.15) ERROR: ''anosrv-hilfe-faq-box' is not a known element:
1. If 'anosrv-hilfe-faq-box' is an Angular component, then verify that it is part of this module.
2. If 'anosrv-hilfe-faq-box' is a Web Component then add 'CUSTOM_ELEMENTS_SCHEMA' to the '@NgModule.schemas' of this component to suppress this message.'
,Firefox 87.0 (Mac OS 10.15) ERROR: ''anosrv-hilfe-faq-box' is not a known element:
1. If 'anosrv-hilfe-faq-box' is an Angular component, then verify that it is part of this module.
2. If 'anosrv-hilfe-faq-box' is a Web Component then add 'CUSTOM_ELEMENTS_SCHEMA' to the '@NgModule.schemas' of this component to suppress this message.'
,Firefox 87.0 (Mac OS 10.15) ERROR: ''anosrv-hilfe-faq-box' is not a known element:
1. If 'anosrv-hilfe-faq-box' is an Angular component, then verify that it is part of this module.
2. If 'anosrv-hilfe-faq-box' is a Web Component then add 'CUSTOM_ELEMENTS_SCHEMA' to the '@NgModule.schemas' of this component to suppress this message.'
,Firefox 87.0 (Mac OS 10.15) ERROR: ''anosrv-hilfe-faq-box' is not a known element:
1. If 'anosrv-hilfe-faq-box' is an Angular component, then verify that it is part of this module.
2. If 'anosrv-hilfe-faq-box' is a Web Component then add 'CUSTOM_ELEMENTS_SCHEMA' to the '@NgModule.schemas' of this component to suppress this message.'
,Firefox 87.0 (Mac OS 10.15) ERROR: ''anosrv-hilfe-faq-box' is not a known element:
1. If 'anosrv-hilfe-faq-box' is an Angular component, then verify that it is part of this module.
2. If 'anosrv-hilfe-faq-box' is a Web Component then add 'CUSTOM_ELEMENTS_SCHEMA' to the '@NgModule.schemas' of this component to suppress this message.'
,Firefox 87.0 (Mac OS 10.15) ERROR: ''anosrv-hilfe-faq-box' is not a known element:
1. If 'anosrv-hilfe-faq-box' is an Angular component, then verify that it is part of this module.
2. If 'anosrv-hilfe-faq-box' is a Web Component then add 'CUSTOM_ELEMENTS_SCHEMA' to the '@NgModule.schemas' of this component to suppress this message.'
,Firefox 87.0 (Mac OS 10.15) ERROR: ''anosrv-hilfe-faq-box' is not a known element:
1. If 'anosrv-hilfe-faq-box' is an Angular component, then verify that it is part of this module.
2. If 'anosrv-hilfe-faq-box' is a Web Component then add 'CUSTOM_ELEMENTS_SCHEMA' to the '@NgModule.schemas' of this component to suppress this message.'
,Firefox 87.0 (Mac OS 10.15) ERROR: ''anosrv-svg-icon-sprite' is not a known element:
1. If 'anosrv-svg-icon-sprite' is an Angular component, then verify that it is part of this module.
2. If 'anosrv-svg-icon-sprite' is a Web Component then add 'CUSTOM_ELEMENTS_SCHEMA' to the '@NgModule.schemas' of this component to suppress this message.'
,Firefox 87.0 (Mac OS 10.15) ERROR: ''anosrv-svg-icon-sprite' is not a known element:
1. If 'anosrv-svg-icon-sprite' is an Angular component, then verify that it is part of this module.
2. If 'anosrv-svg-icon-sprite' is a Web Component then add 'CUSTOM_ELEMENTS_SCHEMA' to the '@NgModule.schemas' of this component to suppress this message.'
,Firefox 87.0 (Mac OS 10.15) ERROR: 'Can't bind to 'src' since it isn't a known property of 'anosrv-svg-icon-sprite'.'
,Firefox 87.0 (Mac OS 10.15) ERROR: 'Can't bind to 'src' since it isn't a known property of 'anosrv-svg-icon-sprite'.'
,Firefox 87.0 (Mac OS 10.15) ERROR: ''anosrv-button' is not a known element:
1. If 'anosrv-button' is an Angular component, then verify that it is part of this module.
2. If 'anosrv-button' is a Web Component then add 'CUSTOM_ELEMENTS_SCHEMA' to the '@NgModule.schemas' of this component to suppress this message.'
,Firefox 87.0 (Mac OS 10.15) ERROR: ''anosrv-button' is not a known element:
1. If 'anosrv-button' is an Angular component, then verify that it is part of this module.
2. If 'anosrv-button' is a Web Component then add 'CUSTOM_ELEMENTS_SCHEMA' to the '@NgModule.schemas' of this component to suppress this message.'
,Firefox 87.0 (Mac OS 10.15) ERROR: ''anosrv-button' is not a known element:
1. If 'anosrv-button' is an Angular component, then verify that it is part of this module.
2. If 'anosrv-button' is a Web Component then add 'CUSTOM_ELEMENTS_SCHEMA' to the '@NgModule.schemas' of this component to suppress this message.'
,Firefox 87.0 (Mac OS 10.15) ERROR: 'Can't bind to 'text' since it isn't a known property of 'anosrv-button'.'
,Firefox 87.0 (Mac OS 10.15) ERROR: 'Can't bind to 'text' since it isn't a known property of 'anosrv-button'.'
,Firefox 87.0 (Mac OS 10.15) ERROR: 'Can't bind to 'text' since it isn't a known property of 'anosrv-button'.'
,Firefox 87.0 (Mac OS 10.15) ERROR: 'Can't bind to 'href' since it isn't a known property of 'anosrv-button'.'
,Firefox 87.0 (Mac OS 10.15) ERROR: ''anosrv-button' is not a known element:
1. If 'anosrv-button' is an Angular component, then verify that it is part of this module.
2. If 'anosrv-button' is a Web Component then add 'CUSTOM_ELEMENTS_SCHEMA' to the '@NgModule.schemas' of this component to suppress this message.'
,Firefox 87.0 (Mac OS 10.15) ERROR: ''anosrv-button' is not a known element:
1. If 'anosrv-button' is an Angular component, then verify that it is part of this module.
2. If 'anosrv-button' is a Web Component then add 'CUSTOM_ELEMENTS_SCHEMA' to the '@NgModule.schemas' of this component to suppress this message.'
,Firefox 87.0 (Mac OS 10.15) ERROR: ''anosrv-button' is not a known element:
1. If 'anosrv-button' is an Angular component, then verify that it is part of this module.
2. If 'anosrv-button' is a Web Component then add 'CUSTOM_ELEMENTS_SCHEMA' to the '@NgModule.schemas' of this component to suppress this message.'
,Firefox 87.0 (Mac OS 10.15) ERROR: 'Can't bind to 'text' since it isn't a known property of 'anosrv-button'.'
,Firefox 87.0 (Mac OS 10.15) ERROR: 'Can't bind to 'text' since it isn't a known property of 'anosrv-button'.'
,Firefox 87.0 (Mac OS 10.15) ERROR: 'Can't bind to 'text' since it isn't a known property of 'anosrv-button'.'
,Firefox 87.0 (Mac OS 10.15) ERROR: 'Can't bind to 'href' since it isn't a known property of 'anosrv-button'.'
,Firefox 87.0 (Mac OS 10.15) ERROR: ''anosrv-hero-image' is not a known element:
1. If 'anosrv-hero-image' is an Angular component, then verify that it is part of this module.
2. If 'anosrv-hero-image' is a Web Component then add 'CUSTOM_ELEMENTS_SCHEMA' to the '@NgModule.schemas' of this component to suppress this message.'
,Firefox 87.0 (Mac OS 10.15) ERROR: ''router-outlet' is not a known element:
1. If 'router-outlet' is an Angular component, then verify that it is part of this module.
2. If 'router-outlet' is a Web Component then add 'CUSTOM_ELEMENTS_SCHEMA' to the '@NgModule.schemas' of this component to suppress this message.'
,Firefox 87.0 (Mac OS 10.15) ERROR: ''anosrv-hero-image' is not a known element:
1. If 'anosrv-hero-image' is an Angular component, then verify that it is part of this module.
2. If 'anosrv-hero-image' is a Web Component then add 'CUSTOM_ELEMENTS_SCHEMA' to the '@NgModule.schemas' of this component to suppress this message.'
,Firefox 87.0 (Mac OS 10.15) ERROR: ''router-outlet' is not a known element:
1. If 'router-outlet' is an Angular component, then verify that it is part of this module.
2. If 'router-outlet' is a Web Component then add 'CUSTOM_ELEMENTS_SCHEMA' to the '@NgModule.schemas' of this component to suppress this message.'
,Firefox 87.0 (Mac OS 10.15) ERROR: ''anosrv-hero-image' is not a known element:
1. If 'anosrv-hero-image' is an Angular component, then verify that it is part of this module.
2. If 'anosrv-hero-image' is a Web Component then add 'CUSTOM_ELEMENTS_SCHEMA' to the '@NgModule.schemas' of this component to suppress this message.'
,Firefox 87.0 (Mac OS 10.15) ERROR: ''router-outlet' is not a known element:
1. If 'router-outlet' is an Angular component, then verify that it is part of this module.
2. If 'router-outlet' is a Web Component then add 'CUSTOM_ELEMENTS_SCHEMA' to the '@NgModule.schemas' of this component to suppress this message.'
,Firefox 87.0 (Mac OS 10.15) ERROR: ''anosrv-hero-image' is not a known element:
1. If 'anosrv-hero-image' is an Angular component, then verify that it is part of this module.
2. If 'anosrv-hero-image' is a Web Component then add 'CUSTOM_ELEMENTS_SCHEMA' to the '@NgModule.schemas' of this component to suppress this message.'
,Firefox 87.0 (Mac OS 10.15) ERROR: ''router-outlet' is not a known element:
1. If 'router-outlet' is an Angular component, then verify that it is part of this module.
2. If 'router-outlet' is a Web Component then add 'CUSTOM_ELEMENTS_SCHEMA' to the '@NgModule.schemas' of this component to suppress this message.'
,Firefox 87.0 (Mac OS 10.15) ERROR: ''anosrv-hero-image' is not a known element:
1. If 'anosrv-hero-image' is an Angular component, then verify that it is part of this module.
2. If 'anosrv-hero-image' is a Web Component then add 'CUSTOM_ELEMENTS_SCHEMA' to the '@NgModule.schemas' of this component to suppress this message.'
,Firefox 87.0 (Mac OS 10.15) ERROR: ''router-outlet' is not a known element:
1. If 'router-outlet' is an Angular component, then verify that it is part of this module.
2. If 'router-outlet' is a Web Component then add 'CUSTOM_ELEMENTS_SCHEMA' to the '@NgModule.schemas' of this component to suppress this message.'
,Firefox 87.0 (Mac OS 10.15) ERROR: ''anosrv-hilfe-faq-box' is not a known element:
1. If 'anosrv-hilfe-faq-box' is an Angular component, then verify that it is part of this module.
2. If 'anosrv-hilfe-faq-box' is a Web Component then add 'CUSTOM_ELEMENTS_SCHEMA' to the '@NgModule.schemas' of this component to suppress this message.'
,Firefox 87.0 (Mac OS 10.15) ERROR: ''anosrv-hilfe-faq-box' is not a known element:
1. If 'anosrv-hilfe-faq-box' is an Angular component, then verify that it is part of this module.
2. If 'anosrv-hilfe-faq-box' is a Web Component then add 'CUSTOM_ELEMENTS_SCHEMA' to the '@NgModule.schemas' of this component to suppress this message.'
,Firefox 87.0 (Mac OS 10.15) ERROR: ''anosrv-hilfe-faq-box' is not a known element:
1. If 'anosrv-hilfe-faq-box' is an Angular component, then verify that it is part of this module.
2. If 'anosrv-hilfe-faq-box' is a Web Component then add 'CUSTOM_ELEMENTS_SCHEMA' to the '@NgModule.schemas' of this component to suppress this message.'
,Firefox 87.0 (Mac OS 10.15) ERROR: ''anosrv-hilfe-faq-box' is not a known element:
1. If 'anosrv-hilfe-faq-box' is an Angular component, then verify that it is part of this module.
2. If 'anosrv-hilfe-faq-box' is a Web Component then add 'CUSTOM_ELEMENTS_SCHEMA' to the '@NgModule.schemas' of this component to suppress this message.'
,Firefox 87.0 (Mac OS 10.15) ERROR: ''anosrv-hilfe-faq-box' is not a known element:
1. If 'anosrv-hilfe-faq-box' is an Angular component, then verify that it is part of this module.
2. If 'anosrv-hilfe-faq-box' is a Web Component then add 'CUSTOM_ELEMENTS_SCHEMA' to the '@NgModule.schemas' of this component to suppress this message.'
,Firefox 87.0 (Mac OS 10.15) ERROR: ''anosrv-hilfe-faq-box' is not a known element:
1. If 'anosrv-hilfe-faq-box' is an Angular component, then verify that it is part of this module.
2. If 'anosrv-hilfe-faq-box' is a Web Component then add 'CUSTOM_ELEMENTS_SCHEMA' to the '@NgModule.schemas' of this component to suppress this message.'
,Firefox 87.0 (Mac OS 10.15) ERROR: ''anosrv-hilfe-faq-box' is not a known element:
1. If 'anosrv-hilfe-faq-box' is an Angular component, then verify that it is part of this module.
2. If 'anosrv-hilfe-faq-box' is a Web Component then add 'CUSTOM_ELEMENTS_SCHEMA' to the '@NgModule.schemas' of this component to suppress this message.'
,Firefox 87.0 (Mac OS 10.15) ERROR: ''anosrv-hilfe-faq-box' is not a known element:
1. If 'anosrv-hilfe-faq-box' is an Angular component, then verify that it is part of this module.
2. If 'anosrv-hilfe-faq-box' is a Web Component then add 'CUSTOM_ELEMENTS_SCHEMA' to the '@NgModule.schemas' of this component to suppress this message.'
,Firefox 87.0 (Mac OS 10.15) ERROR: ''anosrv-hilfe-faq-box' is not a known element:
1. If 'anosrv-hilfe-faq-box' is an Angular component, then verify that it is part of this module.
2. If 'anosrv-hilfe-faq-box' is a Web Component then add 'CUSTOM_ELEMENTS_SCHEMA' to the '@NgModule.schemas' of this component to suppress this message.'
,Firefox 87.0 (Mac OS 10.15) ERROR: ''anosrv-hilfe-faq-box' is not a known element:
1. If 'anosrv-hilfe-faq-box' is an Angular component, then verify that it is part of this module.
2. If 'anosrv-hilfe-faq-box' is a Web Component then add 'CUSTOM_ELEMENTS_SCHEMA' to the '@NgModule.schemas' of this component to suppress this message.'
,Firefox 87.0 (Mac OS 10.15) ERROR: ''anosrv-hilfe-faq-box' is not a known element:
1. If 'anosrv-hilfe-faq-box' is an Angular component, then verify that it is part of this module.
2. If 'anosrv-hilfe-faq-box' is a Web Component then add 'CUSTOM_ELEMENTS_SCHEMA' to the '@NgModule.schemas' of this component to suppress this message.'
,Firefox 87.0 (Mac OS 10.15) ERROR: ''anosrv-hilfe-faq-box' is not a known element:
1. If 'anosrv-hilfe-faq-box' is an Angular component, then verify that it is part of this module.
2. If 'anosrv-hilfe-faq-box' is a Web Component then add 'CUSTOM_ELEMENTS_SCHEMA' to the '@NgModule.schemas' of this component to suppress this message.'
,Firefox 87.0 (Mac OS 10.15) ERROR: ''anosrv-hilfe-faq-box' is not a known element:
1. If 'anosrv-hilfe-faq-box' is an Angular component, then verify that it is part of this module.
2. If 'anosrv-hilfe-faq-box' is a Web Component then add 'CUSTOM_ELEMENTS_SCHEMA' to the '@NgModule.schemas' of this component to suppress this message.'
,Firefox 87.0 (Mac OS 10.15) ERROR: ''anosrv-hilfe-faq-box' is not a known element:
1. If 'anosrv-hilfe-faq-box' is an Angular component, then verify that it is part of this module.
2. If 'anosrv-hilfe-faq-box' is a Web Component then add 'CUSTOM_ELEMENTS_SCHEMA' to the '@NgModule.schemas' of this component to suppress this message.'
,Firefox 87.0 (Mac OS 10.15) ERROR: ''anosrv-hilfe-faq-box' is not a known element:
1. If 'anosrv-hilfe-faq-box' is an Angular component, then verify that it is part of this module.
2. If 'anosrv-hilfe-faq-box' is a Web Component then add 'CUSTOM_ELEMENTS_SCHEMA' to the '@NgModule.schemas' of this component to suppress this message.'
,Firefox 87.0 (Mac OS 10.15) ERROR: ''anosrv-hilfe-faq-box' is not a known element:
1. If 'anosrv-hilfe-faq-box' is an Angular component, then verify that it is part of this module.
2. If 'anosrv-hilfe-faq-box' is a Web Component then add 'CUSTOM_ELEMENTS_SCHEMA' to the '@NgModule.schemas' of this component to suppress this message.'
,Firefox 87.0 (Mac OS 10.15) ERROR: ''anosrv-hilfe-faq-box' is not a known element:
1. If 'anosrv-hilfe-faq-box' is an Angular component, then verify that it is part of this module.
2. If 'anosrv-hilfe-faq-box' is a Web Component then add 'CUSTOM_ELEMENTS_SCHEMA' to the '@NgModule.schemas' of this component to suppress this message.'
,Firefox 87.0 (Mac OS 10.15) ERROR: ''anosrv-hilfe-faq-box' is not a known element:
1. If 'anosrv-hilfe-faq-box' is an Angular component, then verify that it is part of this module.
2. If 'anosrv-hilfe-faq-box' is a Web Component then add 'CUSTOM_ELEMENTS_SCHEMA' to the '@NgModule.schemas' of this component to suppress this message.'
,Firefox 87.0 (Mac OS 10.15) ERROR: ''anosrv-hilfe-faq-box' is not a known element:
1. If 'anosrv-hilfe-faq-box' is an Angular component, then verify that it is part of this module.
2. If 'anosrv-hilfe-faq-box' is a Web Component then add 'CUSTOM_ELEMENTS_SCHEMA' to the '@NgModule.schemas' of this component to suppress this message.'
,Firefox 87.0 (Mac OS 10.15) ERROR: ''anosrv-hilfe-faq-box' is not a known element:
1. If 'anosrv-hilfe-faq-box' is an Angular component, then verify that it is part of this module.
2. If 'anosrv-hilfe-faq-box' is a Web Component then add 'CUSTOM_ELEMENTS_SCHEMA' to the '@NgModule.schemas' of this component to suppress this message.'
,Firefox 87.0 (Mac OS 10.15) ERROR: ''anosrv-hilfe-faq-box' is not a known element:
1. If 'anosrv-hilfe-faq-box' is an Angular component, then verify that it is part of this module.
2. If 'anosrv-hilfe-faq-box' is a Web Component then add 'CUSTOM_ELEMENTS_SCHEMA' to the '@NgModule.schemas' of this component to suppress this message.'
,Firefox 87.0 (Mac OS 10.15) ERROR: ''anosrv-hilfe-faq-box' is not a known element:
1. If 'anosrv-hilfe-faq-box' is an Angular component, then verify that it is part of this module.
2. If 'anosrv-hilfe-faq-box' is a Web Component then add 'CUSTOM_ELEMENTS_SCHEMA' to the '@NgModule.schemas' of this component to suppress this message.'
,Firefox 87.0 (Mac OS 10.15) ERROR: ''anosrv-hilfe-faq-box' is not a known element:
1. If 'anosrv-hilfe-faq-box' is an Angular component, then verify that it is part of this module.
2. If 'anosrv-hilfe-faq-box' is a Web Component then add 'CUSTOM_ELEMENTS_SCHEMA' to the '@NgModule.schemas' of this component to suppress this message.'
,Firefox 87.0 (Mac OS 10.15) ERROR: ''anosrv-hilfe-faq-box' is not a known element:
1. If 'anosrv-hilfe-faq-box' is an Angular component, then verify that it is part of this module.
2. If 'anosrv-hilfe-faq-box' is a Web Component then add 'CUSTOM_ELEMENTS_SCHEMA' to the '@NgModule.schemas' of this component to suppress this message.'
,Firefox 87.0 (Mac OS 10.15) ERROR: ''anosrv-hilfe-faq-box' is not a known element:
1. If 'anosrv-hilfe-faq-box' is an Angular component, then verify that it is part of this module.
2. If 'anosrv-hilfe-faq-box' is a Web Component then add 'CUSTOM_ELEMENTS_SCHEMA' to the '@NgModule.schemas' of this component to suppress this message.'
,Firefox 87.0 (Mac OS 10.15) ERROR: ''anosrv-hilfe-faq-box' is not a known element:
1. If 'anosrv-hilfe-faq-box' is an Angular component, then verify that it is part of this module.
2. If 'anosrv-hilfe-faq-box' is a Web Component then add 'CUSTOM_ELEMENTS_SCHEMA' to the '@NgModule.schemas' of this component to suppress this message.'
,Firefox 87.0 (Mac OS 10.15) ERROR: ''anosrv-hilfe-faq-box' is not a known element:
1. If 'anosrv-hilfe-faq-box' is an Angular component, then verify that it is part of this module.
2. If 'anosrv-hilfe-faq-box' is a Web Component then add 'CUSTOM_ELEMENTS_SCHEMA' to the '@NgModule.schemas' of this component to suppress this message.'
,Firefox 87.0 (Mac OS 10.15) ERROR: ''anosrv-hilfe-faq-box' is not a known element:
1. If 'anosrv-hilfe-faq-box' is an Angular component, then verify that it is part of this module.
2. If 'anosrv-hilfe-faq-box' is a Web Component then add 'CUSTOM_ELEMENTS_SCHEMA' to the '@NgModule.schemas' of this component to suppress this message.'
,Firefox 87.0 (Mac OS 10.15) WARN: 'Navigation triggered outside Angular zone, did you forget to call 'ngZone.run()'?'
,Firefox 87.0 (Mac OS 10.15) WARN: 'Navigation triggered outside Angular zone, did you forget to call 'ngZone.run()'?'
,Firefox 87.0 (Mac OS 10.15) WARN: 'Navigation triggered outside Angular zone, did you forget to call 'ngZone.run()'?'
,Firefox 87.0 (Mac OS 10.15) WARN: 'Navigation triggered outside Angular zone, did you forget to call 'ngZone.run()'?'
,Firefox 87.0 (Mac OS 10.15) WARN: 'Navigation triggered outside Angular zone, did you forget to call 'ngZone.run()'?'
,Firefox 87.0 (Mac OS 10.15) WARN: 'Navigation triggered outside Angular zone, did you forget to call 'ngZone.run()'?'

]]>
  </system-out>
  <system-err/>
</testsuite>